<?xml version="1.0" encoding="utf-8"?>
<TestRun id="68b40dee-dafd-4e90-b9e6-2d840f90c838" name="lukia@URAN 2025-09-26 11:22:11" runUser="URAN\lukia" xmlns="http://microsoft.com/schemas/VisualStudio/TeamTest/2010">
  <Times creation="2025-09-26T11:22:11.5460889+01:00" queuing="2025-09-26T11:22:11.5460894+01:00" start="2025-09-26T11:22:11.1729725+01:00" finish="2025-09-26T11:22:11.5464213+01:00" />
  <TestSettings name="default" id="fe21e3a5-1478-409b-bda2-77f164e5531f">
    <Deployment runDeploymentRoot="lukia_URAN_2025-09-26_11_22_11" />
  </TestSettings>
  <TestLists>
    <TestList name="Results Not in a List" id="8c84fa94-04c1-424b-9868-57a2d4851a1d" />
    <TestList name="All Loaded Results" id="19431567-8539-422a-85d7-44ee4e166bda" />
  </TestLists>
  <ResultSummary outcome="Completed">
    <Counters total="0" executed="0" passed="0" failed="0" error="0" timeout="0" aborted="0" inconclusive="0" passedButRunAborted="0" notRunnable="0" notExecuted="0" disconnected="0" warning="0" completed="0" inProgress="0" pending="0" />
    <RunInfos>
      <RunInfo computerName="URAN" outcome="Warning" timestamp="2025-09-26T11:22:11.5054082+01:00">
        <Text>No test matches the given testcase filter `TestClass=DataExportServiceTests` in D:\Scripts\UserMandA\UserMandA\GUI.Tests\bin\Debug\net8.0-windows\GUI.Tests.dll</Text>
      </RunInfo>
    </RunInfos>
  </ResultSummary>
</TestRun>