<?xml version="1.0" encoding="utf-8"?>
<TestRun id="4a5325f8-ac25-4810-8186-81b1e01dd62d" name="lukia@URAN 2025-09-26 11:22:29" runUser="URAN\lukia" xmlns="http://microsoft.com/schemas/VisualStudio/TeamTest/2010">
  <Times creation="2025-09-26T11:22:29.6418633+01:00" queuing="2025-09-26T11:22:29.6418639+01:00" start="2025-09-26T11:22:29.2313781+01:00" finish="2025-09-26T11:22:29.6423298+01:00" />
  <TestSettings name="default" id="36e4eeb1-be6d-4749-8977-ea7da7537def">
    <Deployment runDeploymentRoot="lukia_URAN_2025-09-26_11_22_29" />
  </TestSettings>
  <TestLists>
    <TestList name="Results Not in a List" id="8c84fa94-04c1-424b-9868-57a2d4851a1d" />
    <TestList name="All Loaded Results" id="19431567-8539-422a-85d7-44ee4e166bda" />
  </TestLists>
  <ResultSummary outcome="Completed">
    <Counters total="0" executed="0" passed="0" failed="0" error="0" timeout="0" aborted="0" inconclusive="0" passedButRunAborted="0" notRunnable="0" notExecuted="0" disconnected="0" warning="0" completed="0" inProgress="0" pending="0" />
    <RunInfos>
      <RunInfo computerName="URAN" outcome="Warning" timestamp="2025-09-26T11:22:29.5959559+01:00">
        <Text>No test matches the given testcase filter `TestClass=LogicEngineServiceTests` in D:\Scripts\UserMandA\UserMandA\GUI.Tests\bin\Debug\net8.0-windows\GUI.Tests.dll</Text>
      </RunInfo>
    </RunInfos>
  </ResultSummary>
</TestRun>